{"/home/david/Private/hub/common/primus-backpressure/index.js":{"path":"/home/david/Private/hub/common/primus-backpressure/index.js","s":{"1":1,"2":1,"3":66,"4":66,"5":66,"6":66,"7":66,"8":66,"9":66,"10":66,"11":66,"12":66,"13":66,"14":61692,"15":66,"16":61692,"17":66,"18":66,"19":66,"20":1,"21":1,"22":65,"23":1,"24":64,"25":64,"26":32,"27":64,"28":123395,"29":61692,"30":61692,"31":61692,"32":61703,"33":61639,"34":57631,"35":57631,"36":64,"37":62,"38":62,"39":57,"40":2,"41":64,"42":64,"43":66,"44":66,"45":66,"46":64,"47":2,"48":66,"49":66,"50":66,"51":64,"52":66,"53":2,"54":66,"55":30,"56":1,"57":1,"58":64,"59":64,"60":1,"61":123093,"62":74,"63":123019,"64":123019,"65":61374,"66":61645,"67":61645,"68":61645,"69":1,"70":61699,"71":1,"72":123101,"73":123101,"74":123093,"75":123101,"76":1,"77":70344,"78":8652,"79":61692,"80":61692,"81":61692,"82":61692,"83":61692,"84":61692,"85":12649,"86":12649,"87":12649,"88":12649,"89":12649,"90":12649,"91":1,"92":12649,"93":12649,"94":12649,"95":12649,"96":1},"b":{"1":[66,6],"2":[66,66],"3":[66,66],"4":[1,65],"5":[1,64],"6":[32,32],"7":[61692,61703],"8":[61692,0],"9":[61639,64],"10":[57631,4008],"11":[62,2],"12":[57,5],"13":[64,2],"14":[64,2],"15":[30,36],"16":[74,123019],"17":[61374,61645],"18":[123019,122985,122481],"19":[123093,8],"20":[8652,61692],"21":[70344,61755],"22":[12649,49043]},"f":{"1":66,"2":61692,"3":61692,"4":66,"5":123395,"6":66,"7":66,"8":2,"9":64,"10":123093,"11":61699,"12":123101,"13":70344,"14":12649},"fnMap":{"1":{"name":"PrimusDuplex","line":202,"loc":{"start":{"line":202,"column":0},"end":{"line":203,"column":0}}},"2":{"name":"(anonymous_2)","line":217,"loc":{"start":{"line":217,"column":47},"end":{"line":218,"column":4}}},"3":{"name":"(anonymous_3)","line":222,"loc":{"start":{"line":222,"column":47},"end":{"line":223,"column":4}}},"4":{"name":"(anonymous_4)","line":229,"loc":{"start":{"line":229,"column":28},"end":{"line":230,"column":4}}},"5":{"name":"(anonymous_5)","line":249,"loc":{"start":{"line":249,"column":30},"end":{"line":250,"column":8}}},"6":{"name":"(anonymous_6)","line":290,"loc":{"start":{"line":290,"column":22},"end":{"line":291,"column":4}}},"7":{"name":"(anonymous_7)","line":307,"loc":{"start":{"line":307,"column":31},"end":{"line":308,"column":4}}},"8":{"name":"(anonymous_8)","line":318,"loc":{"start":{"line":318,"column":33},"end":{"line":319,"column":4}}},"9":{"name":"(anonymous_9)","line":331,"loc":{"start":{"line":331,"column":41},"end":{"line":332,"column":0}}},"10":{"name":"(anonymous_10)","line":342,"loc":{"start":{"line":342,"column":38},"end":{"line":343,"column":0}}},"11":{"name":"(anonymous_11)","line":378,"loc":{"start":{"line":378,"column":31},"end":{"line":378,"column":43}}},"12":{"name":"(anonymous_12)","line":387,"loc":{"start":{"line":387,"column":30},"end":{"line":388,"column":0}}},"13":{"name":"(anonymous_13)","line":399,"loc":{"start":{"line":399,"column":31},"end":{"line":400,"column":0}}},"14":{"name":"(anonymous_14)","line":432,"loc":{"start":{"line":432,"column":32},"end":{"line":433,"column":0}}}},"statementMap":{"1":{"start":{"line":181,"column":0},"end":{"line":182,"column":31}},"2":{"start":{"line":202,"column":0},"end":{"line":327,"column":1}},"3":{"start":{"line":204,"column":4},"end":{"line":204,"column":38}},"4":{"start":{"line":206,"column":4},"end":{"line":206,"column":28}},"5":{"start":{"line":208,"column":4},"end":{"line":208,"column":34}},"6":{"start":{"line":209,"column":4},"end":{"line":209,"column":18}},"7":{"start":{"line":210,"column":4},"end":{"line":210,"column":26}},"8":{"start":{"line":211,"column":4},"end":{"line":211,"column":22}},"9":{"start":{"line":212,"column":4},"end":{"line":212,"column":26}},"10":{"start":{"line":213,"column":4},"end":{"line":213,"column":20}},"11":{"start":{"line":214,"column":4},"end":{"line":214,"column":33}},"12":{"start":{"line":215,"column":4},"end":{"line":215,"column":27}},"13":{"start":{"line":217,"column":4},"end":{"line":220,"column":6}},"14":{"start":{"line":219,"column":8},"end":{"line":219,"column":52}},"15":{"start":{"line":222,"column":4},"end":{"line":225,"column":6}},"16":{"start":{"line":224,"column":8},"end":{"line":224,"column":43}},"17":{"start":{"line":227,"column":4},"end":{"line":227,"column":19}},"18":{"start":{"line":229,"column":4},"end":{"line":288,"column":7}},"19":{"start":{"line":231,"column":8},"end":{"line":235,"column":9}},"20":{"start":{"line":233,"column":12},"end":{"line":233,"column":27}},"21":{"start":{"line":234,"column":12},"end":{"line":234,"column":41}},"22":{"start":{"line":237,"column":8},"end":{"line":240,"column":9}},"23":{"start":{"line":239,"column":12},"end":{"line":239,"column":89}},"24":{"start":{"line":242,"column":8},"end":{"line":242,"column":36}},"25":{"start":{"line":244,"column":8},"end":{"line":247,"column":9}},"26":{"start":{"line":246,"column":12},"end":{"line":246,"column":34}},"27":{"start":{"line":249,"column":8},"end":{"line":283,"column":11}},"28":{"start":{"line":251,"column":12},"end":{"line":282,"column":13}},"29":{"start":{"line":253,"column":16},"end":{"line":253,"column":43}},"30":{"start":{"line":257,"column":16},"end":{"line":260,"column":17}},"31":{"start":{"line":259,"column":20},"end":{"line":259,"column":58}},"32":{"start":{"line":262,"column":17},"end":{"line":282,"column":13}},"33":{"start":{"line":264,"column":16},"end":{"line":268,"column":17}},"34":{"start":{"line":266,"column":20},"end":{"line":266,"column":49}},"35":{"start":{"line":267,"column":20},"end":{"line":267,"column":32}},"36":{"start":{"line":270,"column":17},"end":{"line":282,"column":13}},"37":{"start":{"line":272,"column":16},"end":{"line":272,"column":31}},"38":{"start":{"line":274,"column":16},"end":{"line":277,"column":17}},"39":{"start":{"line":276,"column":20},"end":{"line":276,"column":42}},"40":{"start":{"line":281,"column":16},"end":{"line":281,"column":75}},"41":{"start":{"line":285,"column":8},"end":{"line":285,"column":30}},"42":{"start":{"line":287,"column":8},"end":{"line":287,"column":20}},"43":{"start":{"line":290,"column":4},"end":{"line":305,"column":7}},"44":{"start":{"line":292,"column":8},"end":{"line":292,"column":30}},"45":{"start":{"line":294,"column":8},"end":{"line":304,"column":9}},"46":{"start":{"line":296,"column":12},"end":{"line":299,"column":15}},"47":{"start":{"line":303,"column":12},"end":{"line":303,"column":35}},"48":{"start":{"line":307,"column":4},"end":{"line":316,"column":7}},"49":{"start":{"line":309,"column":8},"end":{"line":309,"column":23}},"50":{"start":{"line":311,"column":8},"end":{"line":315,"column":9}},"51":{"start":{"line":314,"column":12},"end":{"line":314,"column":22}},"52":{"start":{"line":318,"column":4},"end":{"line":321,"column":7}},"53":{"start":{"line":320,"column":8},"end":{"line":320,"column":31}},"54":{"start":{"line":323,"column":4},"end":{"line":326,"column":5}},"55":{"start":{"line":325,"column":8},"end":{"line":325,"column":31}},"56":{"start":{"line":329,"column":0},"end":{"line":329,"column":43}},"57":{"start":{"line":331,"column":0},"end":{"line":340,"column":2}},"58":{"start":{"line":333,"column":4},"end":{"line":333,"column":32}},"59":{"start":{"line":335,"column":4},"end":{"line":339,"column":7}},"60":{"start":{"line":342,"column":0},"end":{"line":376,"column":2}},"61":{"start":{"line":353,"column":4},"end":{"line":356,"column":5}},"62":{"start":{"line":355,"column":8},"end":{"line":355,"column":15}},"63":{"start":{"line":358,"column":4},"end":{"line":359,"column":12}},"64":{"start":{"line":361,"column":4},"end":{"line":366,"column":5}},"65":{"start":{"line":365,"column":8},"end":{"line":365,"column":15}},"66":{"start":{"line":368,"column":4},"end":{"line":372,"column":6}},"67":{"start":{"line":374,"column":4},"end":{"line":374,"column":28}},"68":{"start":{"line":375,"column":4},"end":{"line":375,"column":32}},"69":{"start":{"line":378,"column":0},"end":{"line":378,"column":65}},"70":{"start":{"line":378,"column":45},"end":{"line":378,"column":62}},"71":{"start":{"line":387,"column":0},"end":{"line":397,"column":2}},"72":{"start":{"line":389,"column":4},"end":{"line":389,"column":58}},"73":{"start":{"line":391,"column":4},"end":{"line":394,"column":5}},"74":{"start":{"line":393,"column":8},"end":{"line":393,"column":28}},"75":{"start":{"line":396,"column":4},"end":{"line":396,"column":13}},"76":{"start":{"line":399,"column":0},"end":{"line":430,"column":2}},"77":{"start":{"line":401,"column":4},"end":{"line":405,"column":5}},"78":{"start":{"line":404,"column":8},"end":{"line":404,"column":15}},"79":{"start":{"line":407,"column":4},"end":{"line":407,"column":80}},"80":{"start":{"line":409,"column":4},"end":{"line":409,"column":19}},"81":{"start":{"line":411,"column":4},"end":{"line":416,"column":7}},"82":{"start":{"line":418,"column":4},"end":{"line":418,"column":30}},"83":{"start":{"line":419,"column":4},"end":{"line":419,"column":24}},"84":{"start":{"line":421,"column":4},"end":{"line":429,"column":5}},"85":{"start":{"line":423,"column":8},"end":{"line":423,"column":26}},"86":{"start":{"line":424,"column":8},"end":{"line":424,"column":30}},"87":{"start":{"line":425,"column":8},"end":{"line":425,"column":24}},"88":{"start":{"line":426,"column":8},"end":{"line":426,"column":22}},"89":{"start":{"line":427,"column":8},"end":{"line":427,"column":24}},"90":{"start":{"line":428,"column":8},"end":{"line":428,"column":13}},"91":{"start":{"line":432,"column":0},"end":{"line":438,"column":2}},"92":{"start":{"line":434,"column":4},"end":{"line":434,"column":22}},"93":{"start":{"line":435,"column":4},"end":{"line":435,"column":30}},"94":{"start":{"line":436,"column":4},"end":{"line":436,"column":18}},"95":{"start":{"line":437,"column":4},"end":{"line":437,"column":17}},"96":{"start":{"line":440,"column":0},"end":{"line":440,"column":36}}},"branchMap":{"1":{"line":206,"type":"binary-expr","locations":[{"start":{"line":206,"column":14},"end":{"line":206,"column":21}},{"start":{"line":206,"column":25},"end":{"line":206,"column":27}}]},"2":{"line":217,"type":"binary-expr","locations":[{"start":{"line":217,"column":24},"end":{"line":217,"column":43}},{"start":{"line":217,"column":47},"end":{"line":220,"column":5}}]},"3":{"line":222,"type":"binary-expr","locations":[{"start":{"line":222,"column":24},"end":{"line":222,"column":43}},{"start":{"line":222,"column":47},"end":{"line":225,"column":5}}]},"4":{"line":231,"type":"if","locations":[{"start":{"line":231,"column":8},"end":{"line":231,"column":8}},{"start":{"line":231,"column":8},"end":{"line":231,"column":8}}]},"5":{"line":237,"type":"if","locations":[{"start":{"line":237,"column":8},"end":{"line":237,"column":8}},{"start":{"line":237,"column":8},"end":{"line":237,"column":8}}]},"6":{"line":244,"type":"if","locations":[{"start":{"line":244,"column":8},"end":{"line":244,"column":8}},{"start":{"line":244,"column":8},"end":{"line":244,"column":8}}]},"7":{"line":251,"type":"if","locations":[{"start":{"line":251,"column":12},"end":{"line":251,"column":12}},{"start":{"line":251,"column":12},"end":{"line":251,"column":12}}]},"8":{"line":257,"type":"if","locations":[{"start":{"line":257,"column":16},"end":{"line":257,"column":16}},{"start":{"line":257,"column":16},"end":{"line":257,"column":16},"skip":true}]},"9":{"line":262,"type":"if","locations":[{"start":{"line":262,"column":17},"end":{"line":262,"column":17}},{"start":{"line":262,"column":17},"end":{"line":262,"column":17}}]},"10":{"line":264,"type":"if","locations":[{"start":{"line":264,"column":16},"end":{"line":264,"column":16}},{"start":{"line":264,"column":16},"end":{"line":264,"column":16}}]},"11":{"line":270,"type":"if","locations":[{"start":{"line":270,"column":17},"end":{"line":270,"column":17}},{"start":{"line":270,"column":17},"end":{"line":270,"column":17}}]},"12":{"line":274,"type":"if","locations":[{"start":{"line":274,"column":16},"end":{"line":274,"column":16}},{"start":{"line":274,"column":16},"end":{"line":274,"column":16}}]},"13":{"line":294,"type":"if","locations":[{"start":{"line":294,"column":8},"end":{"line":294,"column":8}},{"start":{"line":294,"column":8},"end":{"line":294,"column":8}}]},"14":{"line":311,"type":"if","locations":[{"start":{"line":311,"column":8},"end":{"line":311,"column":8}},{"start":{"line":311,"column":8},"end":{"line":311,"column":8}}]},"15":{"line":323,"type":"if","locations":[{"start":{"line":323,"column":4},"end":{"line":323,"column":4}},{"start":{"line":323,"column":4},"end":{"line":323,"column":4}}]},"16":{"line":353,"type":"if","locations":[{"start":{"line":353,"column":4},"end":{"line":353,"column":4}},{"start":{"line":353,"column":4},"end":{"line":353,"column":4}}]},"17":{"line":361,"type":"if","locations":[{"start":{"line":361,"column":4},"end":{"line":361,"column":4}},{"start":{"line":361,"column":4},"end":{"line":361,"column":4}}]},"18":{"line":361,"type":"binary-expr","locations":[{"start":{"line":361,"column":8},"end":{"line":361,"column":25}},{"start":{"line":362,"column":9},"end":{"line":362,"column":40}},{"start":{"line":363,"column":9},"end":{"line":363,"column":51}}]},"19":{"line":391,"type":"if","locations":[{"start":{"line":391,"column":4},"end":{"line":391,"column":4}},{"start":{"line":391,"column":4},"end":{"line":391,"column":4}}]},"20":{"line":401,"type":"if","locations":[{"start":{"line":401,"column":4},"end":{"line":401,"column":4}},{"start":{"line":401,"column":4},"end":{"line":401,"column":4}}]},"21":{"line":401,"type":"binary-expr","locations":[{"start":{"line":401,"column":9},"end":{"line":401,"column":28}},{"start":{"line":402,"column":9},"end":{"line":402,"column":31}}]},"22":{"line":421,"type":"if","locations":[{"start":{"line":421,"column":4},"end":{"line":421,"column":4}},{"start":{"line":421,"column":4},"end":{"line":421,"column":4}}]}}}}