{"/home/david/Private/hub/common/primus-backpressure/index.js":{"path":"/home/david/Private/hub/common/primus-backpressure/index.js","s":{"1":1,"2":1,"3":70,"4":70,"5":70,"6":70,"7":70,"8":70,"9":70,"10":70,"11":70,"12":70,"13":70,"14":70,"15":70,"16":61756,"17":70,"18":61756,"19":70,"20":70,"21":70,"22":1,"23":1,"24":69,"25":1,"26":68,"27":68,"28":34,"29":68,"30":123527,"31":61756,"32":61756,"33":61756,"34":61771,"35":61703,"36":57678,"37":57678,"38":68,"39":66,"40":66,"41":60,"42":2,"43":68,"44":68,"45":70,"46":70,"47":70,"48":68,"49":2,"50":70,"51":70,"52":70,"53":68,"54":70,"55":2,"56":70,"57":32,"58":1,"59":1,"60":68,"61":68,"62":1,"63":123222,"64":78,"65":123144,"66":123144,"67":61434,"68":61710,"69":61710,"70":61710,"71":1,"72":61767,"73":1,"74":123230,"75":123230,"76":123222,"77":123230,"78":1,"79":70456,"80":8700,"81":61756,"82":61756,"83":61756,"84":61756,"85":61756,"86":61756,"87":12710,"88":12710,"89":12710,"90":12710,"91":12710,"92":12710,"93":1,"94":12710,"95":12710,"96":12710,"97":12710,"98":1},"b":{"1":[70,6],"2":[70,70],"3":[70,68],"4":[70,70],"5":[70,70],"6":[1,69],"7":[1,68],"8":[2,66],"9":[34,34],"10":[61756,61771],"11":[61756,0],"12":[61703,68],"13":[57678,4025],"14":[8,57670],"15":[66,2],"16":[60,6],"17":[68,2],"18":[68,2],"19":[32,38],"20":[78,123144],"21":[61434,61710],"22":[123144,123108,122604],"23":[123222,8],"24":[8700,61756],"25":[70456,61822],"26":[12710,49046]},"f":{"1":70,"2":61756,"3":61756,"4":70,"5":123527,"6":70,"7":70,"8":2,"9":68,"10":123222,"11":61767,"12":123230,"13":70456,"14":12710},"fnMap":{"1":{"name":"PrimusDuplex","line":209,"loc":{"start":{"line":209,"column":0},"end":{"line":210,"column":0}}},"2":{"name":"(anonymous_2)","line":226,"loc":{"start":{"line":226,"column":47},"end":{"line":227,"column":4}}},"3":{"name":"(anonymous_3)","line":231,"loc":{"start":{"line":231,"column":47},"end":{"line":232,"column":4}}},"4":{"name":"(anonymous_4)","line":238,"loc":{"start":{"line":238,"column":28},"end":{"line":239,"column":4}}},"5":{"name":"(anonymous_5)","line":259,"loc":{"start":{"line":259,"column":30},"end":{"line":260,"column":8}}},"6":{"name":"(anonymous_6)","line":301,"loc":{"start":{"line":301,"column":22},"end":{"line":302,"column":4}}},"7":{"name":"(anonymous_7)","line":318,"loc":{"start":{"line":318,"column":31},"end":{"line":319,"column":4}}},"8":{"name":"(anonymous_8)","line":329,"loc":{"start":{"line":329,"column":33},"end":{"line":330,"column":4}}},"9":{"name":"(anonymous_9)","line":342,"loc":{"start":{"line":342,"column":41},"end":{"line":343,"column":0}}},"10":{"name":"(anonymous_10)","line":353,"loc":{"start":{"line":353,"column":38},"end":{"line":354,"column":0}}},"11":{"name":"(anonymous_11)","line":389,"loc":{"start":{"line":389,"column":31},"end":{"line":389,"column":43}}},"12":{"name":"(anonymous_12)","line":398,"loc":{"start":{"line":398,"column":30},"end":{"line":399,"column":0}}},"13":{"name":"(anonymous_13)","line":410,"loc":{"start":{"line":410,"column":31},"end":{"line":411,"column":0}}},"14":{"name":"(anonymous_14)","line":443,"loc":{"start":{"line":443,"column":32},"end":{"line":444,"column":0}}}},"statementMap":{"1":{"start":{"line":181,"column":0},"end":{"line":183,"column":31}},"2":{"start":{"line":209,"column":0},"end":{"line":338,"column":1}},"3":{"start":{"line":211,"column":4},"end":{"line":211,"column":38}},"4":{"start":{"line":213,"column":4},"end":{"line":213,"column":28}},"5":{"start":{"line":215,"column":4},"end":{"line":215,"column":44}},"6":{"start":{"line":216,"column":4},"end":{"line":216,"column":55}},"7":{"start":{"line":217,"column":4},"end":{"line":217,"column":34}},"8":{"start":{"line":218,"column":4},"end":{"line":218,"column":70}},"9":{"start":{"line":219,"column":4},"end":{"line":219,"column":26}},"10":{"start":{"line":220,"column":4},"end":{"line":220,"column":22}},"11":{"start":{"line":221,"column":4},"end":{"line":221,"column":26}},"12":{"start":{"line":222,"column":4},"end":{"line":222,"column":20}},"13":{"start":{"line":223,"column":4},"end":{"line":223,"column":33}},"14":{"start":{"line":224,"column":4},"end":{"line":224,"column":27}},"15":{"start":{"line":226,"column":4},"end":{"line":229,"column":6}},"16":{"start":{"line":228,"column":8},"end":{"line":228,"column":52}},"17":{"start":{"line":231,"column":4},"end":{"line":234,"column":6}},"18":{"start":{"line":233,"column":8},"end":{"line":233,"column":43}},"19":{"start":{"line":236,"column":4},"end":{"line":236,"column":19}},"20":{"start":{"line":238,"column":4},"end":{"line":299,"column":7}},"21":{"start":{"line":240,"column":8},"end":{"line":244,"column":9}},"22":{"start":{"line":242,"column":12},"end":{"line":242,"column":27}},"23":{"start":{"line":243,"column":12},"end":{"line":243,"column":41}},"24":{"start":{"line":246,"column":8},"end":{"line":249,"column":9}},"25":{"start":{"line":248,"column":12},"end":{"line":248,"column":89}},"26":{"start":{"line":251,"column":8},"end":{"line":252,"column":67}},"27":{"start":{"line":254,"column":8},"end":{"line":257,"column":9}},"28":{"start":{"line":256,"column":12},"end":{"line":256,"column":34}},"29":{"start":{"line":259,"column":8},"end":{"line":294,"column":11}},"30":{"start":{"line":261,"column":12},"end":{"line":293,"column":13}},"31":{"start":{"line":263,"column":16},"end":{"line":263,"column":43}},"32":{"start":{"line":267,"column":16},"end":{"line":270,"column":17}},"33":{"start":{"line":269,"column":20},"end":{"line":269,"column":58}},"34":{"start":{"line":272,"column":17},"end":{"line":293,"column":13}},"35":{"start":{"line":274,"column":16},"end":{"line":279,"column":17}},"36":{"start":{"line":276,"column":20},"end":{"line":277,"column":81}},"37":{"start":{"line":278,"column":20},"end":{"line":278,"column":32}},"38":{"start":{"line":281,"column":17},"end":{"line":293,"column":13}},"39":{"start":{"line":283,"column":16},"end":{"line":283,"column":31}},"40":{"start":{"line":285,"column":16},"end":{"line":288,"column":17}},"41":{"start":{"line":287,"column":20},"end":{"line":287,"column":42}},"42":{"start":{"line":292,"column":16},"end":{"line":292,"column":75}},"43":{"start":{"line":296,"column":8},"end":{"line":296,"column":30}},"44":{"start":{"line":298,"column":8},"end":{"line":298,"column":20}},"45":{"start":{"line":301,"column":4},"end":{"line":316,"column":7}},"46":{"start":{"line":303,"column":8},"end":{"line":303,"column":30}},"47":{"start":{"line":305,"column":8},"end":{"line":315,"column":9}},"48":{"start":{"line":307,"column":12},"end":{"line":310,"column":15}},"49":{"start":{"line":314,"column":12},"end":{"line":314,"column":35}},"50":{"start":{"line":318,"column":4},"end":{"line":327,"column":7}},"51":{"start":{"line":320,"column":8},"end":{"line":320,"column":23}},"52":{"start":{"line":322,"column":8},"end":{"line":326,"column":9}},"53":{"start":{"line":325,"column":12},"end":{"line":325,"column":22}},"54":{"start":{"line":329,"column":4},"end":{"line":332,"column":7}},"55":{"start":{"line":331,"column":8},"end":{"line":331,"column":31}},"56":{"start":{"line":334,"column":4},"end":{"line":337,"column":5}},"57":{"start":{"line":336,"column":8},"end":{"line":336,"column":31}},"58":{"start":{"line":340,"column":0},"end":{"line":340,"column":43}},"59":{"start":{"line":342,"column":0},"end":{"line":351,"column":2}},"60":{"start":{"line":344,"column":4},"end":{"line":344,"column":32}},"61":{"start":{"line":346,"column":4},"end":{"line":350,"column":7}},"62":{"start":{"line":353,"column":0},"end":{"line":387,"column":2}},"63":{"start":{"line":364,"column":4},"end":{"line":367,"column":5}},"64":{"start":{"line":366,"column":8},"end":{"line":366,"column":15}},"65":{"start":{"line":369,"column":4},"end":{"line":370,"column":12}},"66":{"start":{"line":372,"column":4},"end":{"line":377,"column":5}},"67":{"start":{"line":376,"column":8},"end":{"line":376,"column":15}},"68":{"start":{"line":379,"column":4},"end":{"line":383,"column":6}},"69":{"start":{"line":385,"column":4},"end":{"line":385,"column":28}},"70":{"start":{"line":386,"column":4},"end":{"line":386,"column":32}},"71":{"start":{"line":389,"column":0},"end":{"line":389,"column":65}},"72":{"start":{"line":389,"column":45},"end":{"line":389,"column":62}},"73":{"start":{"line":398,"column":0},"end":{"line":408,"column":2}},"74":{"start":{"line":400,"column":4},"end":{"line":400,"column":58}},"75":{"start":{"line":402,"column":4},"end":{"line":405,"column":5}},"76":{"start":{"line":404,"column":8},"end":{"line":404,"column":28}},"77":{"start":{"line":407,"column":4},"end":{"line":407,"column":13}},"78":{"start":{"line":410,"column":0},"end":{"line":441,"column":2}},"79":{"start":{"line":412,"column":4},"end":{"line":416,"column":5}},"80":{"start":{"line":415,"column":8},"end":{"line":415,"column":15}},"81":{"start":{"line":418,"column":4},"end":{"line":418,"column":80}},"82":{"start":{"line":420,"column":4},"end":{"line":420,"column":70}},"83":{"start":{"line":422,"column":4},"end":{"line":427,"column":7}},"84":{"start":{"line":429,"column":4},"end":{"line":429,"column":30}},"85":{"start":{"line":430,"column":4},"end":{"line":430,"column":24}},"86":{"start":{"line":432,"column":4},"end":{"line":440,"column":5}},"87":{"start":{"line":434,"column":8},"end":{"line":434,"column":26}},"88":{"start":{"line":435,"column":8},"end":{"line":435,"column":30}},"89":{"start":{"line":436,"column":8},"end":{"line":436,"column":24}},"90":{"start":{"line":437,"column":8},"end":{"line":437,"column":22}},"91":{"start":{"line":438,"column":8},"end":{"line":438,"column":24}},"92":{"start":{"line":439,"column":8},"end":{"line":439,"column":13}},"93":{"start":{"line":443,"column":0},"end":{"line":449,"column":2}},"94":{"start":{"line":445,"column":4},"end":{"line":445,"column":22}},"95":{"start":{"line":446,"column":4},"end":{"line":446,"column":30}},"96":{"start":{"line":447,"column":4},"end":{"line":447,"column":18}},"97":{"start":{"line":448,"column":4},"end":{"line":448,"column":17}},"98":{"start":{"line":451,"column":0},"end":{"line":451,"column":36}}},"branchMap":{"1":{"line":213,"type":"binary-expr","locations":[{"start":{"line":213,"column":14},"end":{"line":213,"column":21}},{"start":{"line":213,"column":25},"end":{"line":213,"column":27}}]},"2":{"line":215,"type":"binary-expr","locations":[{"start":{"line":215,"column":21},"end":{"line":215,"column":37}},{"start":{"line":215,"column":41},"end":{"line":215,"column":43}}]},"3":{"line":216,"type":"binary-expr","locations":[{"start":{"line":216,"column":27},"end":{"line":216,"column":49}},{"start":{"line":216,"column":53},"end":{"line":216,"column":54}}]},"4":{"line":226,"type":"binary-expr","locations":[{"start":{"line":226,"column":24},"end":{"line":226,"column":43}},{"start":{"line":226,"column":47},"end":{"line":229,"column":5}}]},"5":{"line":231,"type":"binary-expr","locations":[{"start":{"line":231,"column":24},"end":{"line":231,"column":43}},{"start":{"line":231,"column":47},"end":{"line":234,"column":5}}]},"6":{"line":240,"type":"if","locations":[{"start":{"line":240,"column":8},"end":{"line":240,"column":8}},{"start":{"line":240,"column":8},"end":{"line":240,"column":8}}]},"7":{"line":246,"type":"if","locations":[{"start":{"line":246,"column":8},"end":{"line":246,"column":8}},{"start":{"line":246,"column":8},"end":{"line":246,"column":8}}]},"8":{"line":251,"type":"cond-expr","locations":[{"start":{"line":252,"column":16},"end":{"line":252,"column":55}},{"start":{"line":252,"column":58},"end":{"line":252,"column":66}}]},"9":{"line":254,"type":"if","locations":[{"start":{"line":254,"column":8},"end":{"line":254,"column":8}},{"start":{"line":254,"column":8},"end":{"line":254,"column":8}}]},"10":{"line":261,"type":"if","locations":[{"start":{"line":261,"column":12},"end":{"line":261,"column":12}},{"start":{"line":261,"column":12},"end":{"line":261,"column":12}}]},"11":{"line":267,"type":"if","locations":[{"start":{"line":267,"column":16},"end":{"line":267,"column":16}},{"start":{"line":267,"column":16},"end":{"line":267,"column":16},"skip":true}]},"12":{"line":272,"type":"if","locations":[{"start":{"line":272,"column":17},"end":{"line":272,"column":17}},{"start":{"line":272,"column":17},"end":{"line":272,"column":17}}]},"13":{"line":274,"type":"if","locations":[{"start":{"line":274,"column":16},"end":{"line":274,"column":16}},{"start":{"line":274,"column":16},"end":{"line":274,"column":16}}]},"14":{"line":276,"type":"cond-expr","locations":[{"start":{"line":277,"column":28},"end":{"line":277,"column":68}},{"start":{"line":277,"column":71},"end":{"line":277,"column":80}}]},"15":{"line":281,"type":"if","locations":[{"start":{"line":281,"column":17},"end":{"line":281,"column":17}},{"start":{"line":281,"column":17},"end":{"line":281,"column":17}}]},"16":{"line":285,"type":"if","locations":[{"start":{"line":285,"column":16},"end":{"line":285,"column":16}},{"start":{"line":285,"column":16},"end":{"line":285,"column":16}}]},"17":{"line":305,"type":"if","locations":[{"start":{"line":305,"column":8},"end":{"line":305,"column":8}},{"start":{"line":305,"column":8},"end":{"line":305,"column":8}}]},"18":{"line":322,"type":"if","locations":[{"start":{"line":322,"column":8},"end":{"line":322,"column":8}},{"start":{"line":322,"column":8},"end":{"line":322,"column":8}}]},"19":{"line":334,"type":"if","locations":[{"start":{"line":334,"column":4},"end":{"line":334,"column":4}},{"start":{"line":334,"column":4},"end":{"line":334,"column":4}}]},"20":{"line":364,"type":"if","locations":[{"start":{"line":364,"column":4},"end":{"line":364,"column":4}},{"start":{"line":364,"column":4},"end":{"line":364,"column":4}}]},"21":{"line":372,"type":"if","locations":[{"start":{"line":372,"column":4},"end":{"line":372,"column":4}},{"start":{"line":372,"column":4},"end":{"line":372,"column":4}}]},"22":{"line":372,"type":"binary-expr","locations":[{"start":{"line":372,"column":8},"end":{"line":372,"column":25}},{"start":{"line":373,"column":9},"end":{"line":373,"column":40}},{"start":{"line":374,"column":9},"end":{"line":374,"column":51}}]},"23":{"line":402,"type":"if","locations":[{"start":{"line":402,"column":4},"end":{"line":402,"column":4}},{"start":{"line":402,"column":4},"end":{"line":402,"column":4}}]},"24":{"line":412,"type":"if","locations":[{"start":{"line":412,"column":4},"end":{"line":412,"column":4}},{"start":{"line":412,"column":4},"end":{"line":412,"column":4}}]},"25":{"line":412,"type":"binary-expr","locations":[{"start":{"line":412,"column":9},"end":{"line":412,"column":28}},{"start":{"line":413,"column":9},"end":{"line":413,"column":31}}]},"26":{"line":432,"type":"if","locations":[{"start":{"line":432,"column":4},"end":{"line":432,"column":4}},{"start":{"line":432,"column":4},"end":{"line":432,"column":4}}]}}}}