TN:
SF:/home/david/Private/hub/common/primus-backpressure/index.js
FN:202,PrimusDuplex
FN:217,(anonymous_2)
FN:222,(anonymous_3)
FN:229,(anonymous_4)
FN:249,(anonymous_5)
FN:290,(anonymous_6)
FN:307,(anonymous_7)
FN:318,(anonymous_8)
FN:331,(anonymous_9)
FN:342,(anonymous_10)
FN:378,(anonymous_11)
FN:387,(anonymous_12)
FN:399,(anonymous_13)
FN:432,(anonymous_14)
FNF:14
FNH:14
FNDA:66,PrimusDuplex
FNDA:61692,(anonymous_2)
FNDA:61692,(anonymous_3)
FNDA:66,(anonymous_4)
FNDA:123395,(anonymous_5)
FNDA:66,(anonymous_6)
FNDA:66,(anonymous_7)
FNDA:2,(anonymous_8)
FNDA:64,(anonymous_9)
FNDA:123093,(anonymous_10)
FNDA:61699,(anonymous_11)
FNDA:123101,(anonymous_12)
FNDA:70344,(anonymous_13)
FNDA:12649,(anonymous_14)
DA:181,1
DA:202,1
DA:204,66
DA:206,66
DA:208,66
DA:209,66
DA:210,66
DA:211,66
DA:212,66
DA:213,66
DA:214,66
DA:215,66
DA:217,66
DA:219,61692
DA:222,66
DA:224,61692
DA:227,66
DA:229,66
DA:231,66
DA:233,1
DA:234,1
DA:237,65
DA:239,1
DA:242,64
DA:244,64
DA:246,32
DA:249,64
DA:251,123395
DA:253,61692
DA:257,61692
DA:259,61692
DA:262,61703
DA:264,61639
DA:266,57631
DA:267,57631
DA:270,64
DA:272,62
DA:274,62
DA:276,57
DA:281,2
DA:285,64
DA:287,64
DA:290,66
DA:292,66
DA:294,66
DA:296,64
DA:303,2
DA:307,66
DA:309,66
DA:311,66
DA:314,64
DA:318,66
DA:320,2
DA:323,66
DA:325,30
DA:329,1
DA:331,1
DA:333,64
DA:335,64
DA:342,1
DA:353,123093
DA:355,74
DA:358,123019
DA:361,123019
DA:365,61374
DA:368,61645
DA:374,61645
DA:375,61645
DA:378,61699
DA:387,1
DA:389,123101
DA:391,123101
DA:393,123093
DA:396,123101
DA:399,1
DA:401,70344
DA:404,8652
DA:407,61692
DA:409,61692
DA:411,61692
DA:418,61692
DA:419,61692
DA:421,61692
DA:423,12649
DA:424,12649
DA:425,12649
DA:426,12649
DA:427,12649
DA:428,12649
DA:432,1
DA:434,12649
DA:435,12649
DA:436,12649
DA:437,12649
DA:440,1
LF:95
LH:95
BRDA:206,1,0,66
BRDA:206,1,1,6
BRDA:217,2,0,66
BRDA:217,2,1,66
BRDA:222,3,0,66
BRDA:222,3,1,66
BRDA:231,4,0,1
BRDA:231,4,1,65
BRDA:237,5,0,1
BRDA:237,5,1,64
BRDA:244,6,0,32
BRDA:244,6,1,32
BRDA:251,7,0,61692
BRDA:251,7,1,61703
BRDA:257,8,0,61692
BRDA:257,8,1,0
BRDA:262,9,0,61639
BRDA:262,9,1,64
BRDA:264,10,0,57631
BRDA:264,10,1,4008
BRDA:270,11,0,62
BRDA:270,11,1,2
BRDA:274,12,0,57
BRDA:274,12,1,5
BRDA:294,13,0,64
BRDA:294,13,1,2
BRDA:311,14,0,64
BRDA:311,14,1,2
BRDA:323,15,0,30
BRDA:323,15,1,36
BRDA:353,16,0,74
BRDA:353,16,1,123019
BRDA:361,17,0,61374
BRDA:361,17,1,61645
BRDA:361,18,0,123019
BRDA:361,18,1,122985
BRDA:361,18,2,122481
BRDA:391,19,0,123093
BRDA:391,19,1,8
BRDA:401,20,0,8652
BRDA:401,20,1,61692
BRDA:401,21,0,70344
BRDA:401,21,1,61755
BRDA:421,22,0,12649
BRDA:421,22,1,49043
BRF:45
BRH:45
end_of_record
