TN:
SF:/home/david/primus-backpressure/index.js
FN:202,PrimusDuplex
FN:222,(anonymous_1)
FN:227,(anonymous_2)
FN:240,expect_handshake
FN:263,(anonymous_4)
FN:351,(anonymous_5)
FN:368,(anonymous_6)
FN:379,(anonymous_7)
FN:392,(anonymous_8)
FN:401,(anonymous_9)
FN:437,(anonymous_10)
FN:446,(anonymous_11)
FN:458,(anonymous_12)
FN:497,(anonymous_13)
FN:517,(anonymous_14)
FNF:15
FNH:15
FNDA:116,PrimusDuplex
FNDA:762732,(anonymous_1)
FNDA:762716,(anonymous_2)
FNDA:116,expect_handshake
FNDA:762841,(anonymous_4)
FNDA:116,(anonymous_5)
FNDA:116,(anonymous_6)
FNDA:2,(anonymous_7)
FNDA:114,(anonymous_8)
FNDA:399827,(anonymous_9)
FNDA:381466,(anonymous_10)
FNDA:399835,(anonymous_11)
FNDA:394099,(anonymous_12)
FNDA:394099,(anonymous_13)
FNDA:12707,(anonymous_14)
DA:177,1
DA:178,1
DA:179,1
DA:180,1
DA:204,116
DA:206,116
DA:208,116
DA:209,116
DA:210,116
DA:211,116
DA:212,116
DA:213,116
DA:214,116
DA:215,116
DA:216,116
DA:217,116
DA:218,116
DA:219,116
DA:220,116
DA:222,116
DA:224,762732
DA:227,116
DA:229,762716
DA:231,1
DA:232,1
DA:235,762715
DA:238,116
DA:242,116
DA:244,1
DA:247,115
DA:249,2
DA:250,2
DA:253,113
DA:255,1
DA:258,112
DA:261,112
DA:263,112
DA:267,762841
DA:269,1
DA:272,762840
DA:274,381368
DA:278,381368
DA:280,381368
DA:281,381368
DA:283,381366
DA:287,4
DA:291,381362
DA:295,381472
DA:297,381358
DA:298,381358
DA:300,381357
DA:302,1
DA:305,381356
DA:306,381356
DA:307,381356
DA:309,381356
DA:311,12203377
DA:313,1
DA:317,381355
DA:320,381355
DA:322,381355
DA:324,381355
DA:326,1
DA:329,381355
DA:331,114
DA:333,112
DA:335,112
DA:337,97
DA:342,2
DA:346,112
DA:349,116
DA:351,116
DA:353,116
DA:355,116
DA:357,114
DA:364,2
DA:368,116
DA:370,116
DA:372,116
DA:375,114
DA:379,116
DA:381,2
DA:384,116
DA:386,113
DA:390,1
DA:392,1
DA:394,114
DA:401,1
DA:412,399827
DA:414,215
DA:417,399612
DA:420,399612
DA:424,18242
DA:427,381370
DA:433,381370
DA:434,381370
DA:437,381466
DA:446,1
DA:448,399835
DA:450,399835
DA:452,399827
DA:455,399835
DA:458,1
DA:460,394099
DA:463,12730
DA:466,381369
DA:467,381369
DA:468,381369
DA:471,381369
DA:473,381369
DA:474,381369
DA:476,381369
DA:483,381369
DA:484,381369
DA:486,381369
DA:488,12632
DA:489,12632
DA:490,12632
DA:491,12632
DA:492,12632
DA:493,12632
DA:497,1
DA:499,394099
DA:501,394099
DA:503,3574
DA:506,390525
DA:508,390525
DA:510,394099
DA:511,394099
DA:514,390525
DA:517,1
DA:519,12707
DA:521,75
DA:524,12632
DA:525,12632
DA:526,12632
DA:527,12632
DA:530,1
LF:138
LH:138
BRDA:206,0,0,116
BRDA:206,0,1,11
BRDA:208,1,0,116
BRDA:208,1,1,114
BRDA:222,2,0,116
BRDA:222,2,1,113
BRDA:227,3,0,116
BRDA:227,3,1,110
BRDA:229,4,0,1
BRDA:229,4,1,762715
BRDA:242,5,0,1
BRDA:242,5,1,115
BRDA:247,6,0,2
BRDA:247,6,1,113
BRDA:253,7,0,1
BRDA:253,7,1,112
BRDA:258,8,0,2
BRDA:258,8,1,110
BRDA:267,9,0,1
BRDA:267,9,1,762840
BRDA:272,10,0,381368
BRDA:272,10,1,381472
BRDA:278,11,0,381368
BRDA:281,12,0,2
BRDA:281,12,1,381366
BRDA:283,13,0,4
BRDA:283,13,1,381362
BRDA:283,14,0,381366
BRDA:283,14,1,381365
BRDA:295,15,0,381358
BRDA:295,15,1,114
BRDA:298,16,0,1
BRDA:298,16,1,381357
BRDA:300,17,0,1
BRDA:300,17,1,381356
BRDA:311,18,0,1
BRDA:311,18,1,12203376
BRDA:317,19,0,8
BRDA:317,19,1,381347
BRDA:324,20,0,1
BRDA:324,20,1,381354
BRDA:331,21,0,112
BRDA:331,21,1,2
BRDA:335,22,0,97
BRDA:335,22,1,15
BRDA:355,23,0,114
BRDA:355,23,1,2
BRDA:372,24,0,114
BRDA:372,24,1,2
BRDA:384,25,0,113
BRDA:384,25,1,3
BRDA:412,26,0,215
BRDA:412,26,1,399612
BRDA:420,27,0,18242
BRDA:420,27,1,381370
BRDA:420,28,0,399612
BRDA:420,28,1,399561
BRDA:420,28,2,398828
BRDA:450,29,0,399827
BRDA:450,29,1,8
BRDA:460,30,0,12730
BRDA:460,30,1,381369
BRDA:460,31,0,394099
BRDA:460,31,1,381891
BRDA:486,32,0,12632
BRDA:486,32,1,368737
BRDA:501,33,0,3574
BRDA:501,33,1,390525
BRDA:519,34,0,75
BRDA:519,34,1,12632
BRF:70
BRH:70
end_of_record
